<?xml version="1.0" encoding="UTF-8"?>
<!-- Generated by org.testng.reporters.JUnitReportReporter -->
<testsuite hostname="DESKTOP-VGI7FA4" failures="0" tests="1" name="com.mystore.test.LoginpageTest" time="5.396" errors="0" timestamp="2022-04-18T14:00:46 IST" skipped="0">
  <testcase classname="com.mystore.test.LoginpageTest" name="clicksignbtn" time="5.396"/>
  <system-out/>
</testsuite> <!-- com.mystore.test.LoginpageTest -->
